Using pre-set license
Built from '2020.3/staging' branch; Version is '2020.3.25f1 (9b9180224418) revision 10195328'; Using compiler version '192528614'; Build Type 'Release'
OS: 'Windows 10  (10.0.19042) 64bit Education' Language: 'tr' Physical Memory: 16334 MB
BatchMode: 1, IsHumanControllingUs: 0, StartBugReporterOnCrash: 0, Is64bit: 1, IsPro: 0

COMMAND LINE ARGUMENTS:
C:\Program Files\Unity\2020.3.25f1\Editor\Unity.exe
-adb2
-batchMode
-noUpm
-name
AssetImportWorker0
-projectPath
C:/Users/ozkyd/Documents/GitHub/MA525
-logFile
Logs/AssetImportWorker0.log
-srvPort
51102
Successfully changed project path to: C:/Users/ozkyd/Documents/GitHub/MA525
C:/Users/ozkyd/Documents/GitHub/MA525
Using Asset Import Pipeline V2.
Refreshing native plugins compatible for Editor in 39.12 ms, found 2 plugins.
Preloading 0 native plugins for Editor in 0.00 ms.
Initialize engine version: 2020.3.25f1 (9b9180224418)
[Subsystems] Discovering subsystems at path C:/Program Files/Unity/2020.3.25f1/Editor/Data/Resources/UnitySubsystems
[Subsystems] Discovering subsystems at path C:/Users/ozkyd/Documents/GitHub/MA525/Assets
GfxDevice: creating device client; threaded=0
Direct3D:
    Version:  Direct3D 11.0 [level 11.1]
    Renderer: NVIDIA GeForce GTX 1080 Ti (ID=0x1b06)
    Vendor:   
    VRAM:     11127 MB
    Driver:   27.21.14.5671
Initialize mono
Mono path[0] = 'C:/Program Files/Unity/2020.3.25f1/Editor/Data/Managed'
Mono path[1] = 'C:/Program Files/Unity/2020.3.25f1/Editor/Data/MonoBleedingEdge/lib/mono/unityjit'
Mono config path = 'C:/Program Files/Unity/2020.3.25f1/Editor/Data/MonoBleedingEdge/etc'
Using monoOptions --debugger-agent=transport=dt_socket,embedding=1,server=y,suspend=n,address=127.0.0.1:56160
Begin MonoManager ReloadAssembly
Registering precompiled unity dll's ...
Register platform support module: C:/Program Files/Unity/2020.3.25f1/Editor/Data/PlaybackEngines/WindowsStandaloneSupport/UnityEditor.WindowsStandalone.Extensions.dll
Registered in 0.001670 seconds.
Native extension for WindowsStandalone target not found
Refreshing native plugins compatible for Editor in 39.52 ms, found 2 plugins.
Preloading 0 native plugins for Editor in 0.00 ms.
Mono: successfully reloaded assembly
- Completed reload, in  0.511 seconds
Domain Reload Profiling:
	ReloadAssembly (511ms)
		BeginReloadAssembly (45ms)
			ExecutionOrderSort (0ms)
			DisableScriptedObjects (0ms)
			BackupInstance (0ms)
			ReleaseScriptingObjects (0ms)
			CreateAndSetChildDomain (1ms)
		EndReloadAssembly (399ms)
			LoadAssemblies (43ms)
			RebuildTransferFunctionScriptingTraits (0ms)
			SetupTypeCache (129ms)
			ReleaseScriptCaches (0ms)
			RebuildScriptCaches (28ms)
			SetupLoadedEditorAssemblies (149ms)
				LogAssemblyErrors (0ms)
				InitializePlatformSupportModulesInManaged (4ms)
				SetLoadedEditorAssemblies (0ms)
				RefreshPlugins (40ms)
				BeforeProcessingInitializeOnLoad (14ms)
				ProcessInitializeOnLoadAttributes (68ms)
				ProcessInitializeOnLoadMethodAttributes (23ms)
				AfterProcessingInitializeOnLoad (0ms)
				EditorAssembliesLoaded (0ms)
			ExecutionOrderSort2 (0ms)
			AwakeInstancesAfterBackupRestoration (0ms)
Platform modules already initialized, skipping
Registering precompiled user dll's ...
Registered in 0.003854 seconds.
Begin MonoManager ReloadAssembly
Native extension for WindowsStandalone target not found
Refreshing native plugins compatible for Editor in 39.91 ms, found 2 plugins.
Preloading 0 native plugins for Editor in 0.00 ms.
Mono: successfully reloaded assembly
- Completed reload, in  0.923 seconds
Domain Reload Profiling:
	ReloadAssembly (924ms)
		BeginReloadAssembly (124ms)
			ExecutionOrderSort (0ms)
			DisableScriptedObjects (4ms)
			BackupInstance (0ms)
			ReleaseScriptingObjects (0ms)
			CreateAndSetChildDomain (15ms)
		EndReloadAssembly (744ms)
			LoadAssemblies (72ms)
			RebuildTransferFunctionScriptingTraits (0ms)
			SetupTypeCache (248ms)
			ReleaseScriptCaches (0ms)
			RebuildScriptCaches (37ms)
			SetupLoadedEditorAssemblies (278ms)
				LogAssemblyErrors (0ms)
				InitializePlatformSupportModulesInManaged (3ms)
				SetLoadedEditorAssemblies (0ms)
				RefreshPlugins (40ms)
				BeforeProcessingInitializeOnLoad (62ms)
				ProcessInitializeOnLoadAttributes (159ms)
				ProcessInitializeOnLoadMethodAttributes (8ms)
				AfterProcessingInitializeOnLoad (6ms)
				EditorAssembliesLoaded (0ms)
			ExecutionOrderSort2 (0ms)
			AwakeInstancesAfterBackupRestoration (6ms)
Platform modules already initialized, skipping
========================================================================
Worker process is ready to serve import requests
Launched and connected shader compiler UnityShaderCompiler.exe after 0.04 seconds
Refreshing native plugins compatible for Editor in 0.44 ms, found 2 plugins.
Preloading 0 native plugins for Editor in 0.00 ms.
Unloading 1679 Unused Serialized files (Serialized files now loaded: 0)
System memory in use before: 97.1 MB.
System memory in use after: 97.1 MB.

Unloading 23 unused Assets to reduce memory usage. Loaded Objects now: 2108.
Total: 2.872500 ms (FindLiveObjects: 0.140100 ms CreateObjectMapping: 0.045000 ms MarkObjects: 2.562700 ms  DeleteObjects: 0.123700 ms)

AssetImportParameters requested are different than current active one (requested -> active):
  custom:framework-win-MediaFoundation: 216162199b28c13a410421893ffa2e32 -> 
  custom:video-decoder-ogg-theora: a1e56fd34408186e4bbccfd4996cb3dc -> 
  custom:container-muxer-webm: aa71ff27fc2769a1b78a27578f13a17b -> 
  custom:container-demuxer-webm: 4f35f7cbe854078d1ac9338744f61a02 -> 
  custom:container-demuxer-ogg: 62fdf1f143b41e24485cea50d1cbac27 -> 
  custom:video-encoder-webm-vp8: eb34c28f22e8b96e1ab97ce403110664 -> 
  custom:video-decoder-webm-vp8: 9c59270c3fd7afecdb556c50c9e8de78 -> 
  custom:audio-decoder-ogg-vorbis: bf7c407c2cedff20999df2af8eb42d56 -> 
  custom:audio-encoder-webm-vorbis: bf7c407c2cedff20999df2af8eb42d56 -> 
========================================================================
Received Import Request.
  path: Assets/3rd Party/Toony Colors Pro 2 - v2.4.5/Toony Colors Pro/Textures/TCP2_NoTileNoise.png
  artifactKey: Guid(af5515bfe14f1af4a9b8b3bf306b9261) Importer(815301076,1909f56bfc062723c751e8b465ee728b)
Start importing Assets/3rd Party/Toony Colors Pro 2 - v2.4.5/Toony Colors Pro/Textures/TCP2_NoTileNoise.png using Guid(af5515bfe14f1af4a9b8b3bf306b9261) Importer(815301076,1909f56bfc062723c751e8b465ee728b)  -> (artifact id: '826985a8d04e3498401f306651c01b76') in 0.102633 seconds 
  Import took 0.105250 seconds .

========================================================================
Received Import Request.
  Time since last request: 0.000171 seconds.
  path: Assets/3rd Party/Toony Colors Pro 2 - v2.4.5/Toony Colors Pro/Textures/TCP2_Ramp_Backlit.png
  artifactKey: Guid(a2daa9b606711a643808bebed4c59a0c) Importer(815301076,1909f56bfc062723c751e8b465ee728b)
Start importing Assets/3rd Party/Toony Colors Pro 2 - v2.4.5/Toony Colors Pro/Textures/TCP2_Ramp_Backlit.png using Guid(a2daa9b606711a643808bebed4c59a0c) Importer(815301076,1909f56bfc062723c751e8b465ee728b)  -> (artifact id: '3664654cd79cb8e5ce8669bf2280aca4') in 0.012013 seconds 
  Import took 0.014683 seconds .

========================================================================
Received Import Request.
  Time since last request: 0.000164 seconds.
  path: Assets/3rd Party/Toony Colors Pro 2 - v2.4.5/Toony Colors Pro/Textures/TCP2_Ramp_OldSchool.png
  artifactKey: Guid(a54a836f027df3f4a8d894236589b700) Importer(815301076,1909f56bfc062723c751e8b465ee728b)
Start importing Assets/3rd Party/Toony Colors Pro 2 - v2.4.5/Toony Colors Pro/Textures/TCP2_Ramp_OldSchool.png using Guid(a54a836f027df3f4a8d894236589b700) Importer(815301076,1909f56bfc062723c751e8b465ee728b)  -> (artifact id: 'fb441979407e5177d27b2bc2f6a3e9cd') in 0.008688 seconds 
  Import took 0.011013 seconds .

========================================================================
Received Import Request.
  Time since last request: 0.000150 seconds.
  path: Assets/3rd Party/Toony Colors Pro 2 - v2.4.5/Toony Colors Pro/Textures/TCP2_Ramp_8px.png
  artifactKey: Guid(8af77daad29f8b34da56515f193158f9) Importer(815301076,1909f56bfc062723c751e8b465ee728b)
Start importing Assets/3rd Party/Toony Colors Pro 2 - v2.4.5/Toony Colors Pro/Textures/TCP2_Ramp_8px.png using Guid(8af77daad29f8b34da56515f193158f9) Importer(815301076,1909f56bfc062723c751e8b465ee728b)  -> (artifact id: 'e8678223a36fc8531f69864a1663b660') in 0.007974 seconds 
  Import took 0.010522 seconds .

========================================================================
Received Import Request.
  Time since last request: 0.000199 seconds.
  path: Assets/3rd Party/Toony Colors Pro 2 - v2.4.5/Toony Colors Pro/Textures/TCP2_Ramp_Unity.png
  artifactKey: Guid(abc83c21d57d4a74cabe12065fa1a8b2) Importer(815301076,1909f56bfc062723c751e8b465ee728b)
Start importing Assets/3rd Party/Toony Colors Pro 2 - v2.4.5/Toony Colors Pro/Textures/TCP2_Ramp_Unity.png using Guid(abc83c21d57d4a74cabe12065fa1a8b2) Importer(815301076,1909f56bfc062723c751e8b465ee728b)  -> (artifact id: '8d6e9833392c451a76c7600f22147a70') in 0.008289 seconds 
  Import took 0.010913 seconds .

========================================================================
Received Import Request.
  Time since last request: 0.000181 seconds.
  path: Assets/3rd Party/Toony Colors Pro 2 - v2.4.5/Toony Colors Pro/Textures/TCP2_NoTileNoise_256.png
  artifactKey: Guid(0909bc15081482640bdb194cf325f027) Importer(815301076,1909f56bfc062723c751e8b465ee728b)
Start importing Assets/3rd Party/Toony Colors Pro 2 - v2.4.5/Toony Colors Pro/Textures/TCP2_NoTileNoise_256.png using Guid(0909bc15081482640bdb194cf325f027) Importer(815301076,1909f56bfc062723c751e8b465ee728b)  -> (artifact id: 'f843f2e4950ab5e7238f1e542ab004d5') in 0.010778 seconds 
  Import took 0.013173 seconds .

========================================================================
Received Import Request.
  Time since last request: 0.000204 seconds.
  path: Assets/3rd Party/Toony Colors Pro 2 - v2.4.5/Toony Colors Pro/Textures/TCP2_Ramp_4Levels_2.png
  artifactKey: Guid(e932c54d6500f9c46b63c4d9d03387d2) Importer(815301076,1909f56bfc062723c751e8b465ee728b)
Start importing Assets/3rd Party/Toony Colors Pro 2 - v2.4.5/Toony Colors Pro/Textures/TCP2_Ramp_4Levels_2.png using Guid(e932c54d6500f9c46b63c4d9d03387d2) Importer(815301076,1909f56bfc062723c751e8b465ee728b)  -> (artifact id: 'ad7325807a034d4956dd336bfe5d18c2') in 0.008487 seconds 
  Import took 0.011020 seconds .

========================================================================
Received Import Request.
  Time since last request: 0.000174 seconds.
  path: Assets/3rd Party/Toony Colors Pro 2 - v2.4.5/Toony Colors Pro/Textures/TCP2_Ramp_3Levels.png
  artifactKey: Guid(948e1b7327c293a4081ba3c18eaab19f) Importer(815301076,1909f56bfc062723c751e8b465ee728b)
Start importing Assets/3rd Party/Toony Colors Pro 2 - v2.4.5/Toony Colors Pro/Textures/TCP2_Ramp_3Levels.png using Guid(948e1b7327c293a4081ba3c18eaab19f) Importer(815301076,1909f56bfc062723c751e8b465ee728b)  -> (artifact id: '69e48566a77147585399543504eaf50b') in 0.009359 seconds 
  Import took 0.011849 seconds .

========================================================================
Received Import Request.
  Time since last request: 0.000138 seconds.
  path: Assets/3rd Party/Toony Colors Pro 2 - v2.4.5/Toony Colors Pro/Textures/TCP2_Ramp_OldSchool_3.png
  artifactKey: Guid(f7efee5cdbe39254082e87a9ddcf42e4) Importer(815301076,1909f56bfc062723c751e8b465ee728b)
Start importing Assets/3rd Party/Toony Colors Pro 2 - v2.4.5/Toony Colors Pro/Textures/TCP2_Ramp_OldSchool_3.png using Guid(f7efee5cdbe39254082e87a9ddcf42e4) Importer(815301076,1909f56bfc062723c751e8b465ee728b)  -> (artifact id: '76c7bdf4eb323086794214d4435f09b0') in 0.008927 seconds 
  Import took 0.011498 seconds .

========================================================================
Received Import Request.
  Time since last request: 0.000206 seconds.
  path: Assets/3rd Party/Toony Colors Pro 2 - v2.4.5/Toony Colors Pro/Textures/TCP2_Ramp_Hard.png
  artifactKey: Guid(ea267fafe0b5b4044a5ec467f6494f57) Importer(815301076,1909f56bfc062723c751e8b465ee728b)
Start importing Assets/3rd Party/Toony Colors Pro 2 - v2.4.5/Toony Colors Pro/Textures/TCP2_Ramp_Hard.png using Guid(ea267fafe0b5b4044a5ec467f6494f57) Importer(815301076,1909f56bfc062723c751e8b465ee728b)  -> (artifact id: 'ecf21e92d6e31024f5a6301a9ebf2231') in 0.008739 seconds 
  Import took 0.011085 seconds .

========================================================================
Received Import Request.
  Time since last request: 0.000164 seconds.
  path: Assets/3rd Party/Toony Colors Pro 2 - v2.4.5/Toony Colors Pro/Textures/TCP2_Ramp_UnityGradient.png
  artifactKey: Guid(ccad9b0732473ee4e95de81e50e9050f) Importer(815301076,1909f56bfc062723c751e8b465ee728b)
Start importing Assets/3rd Party/Toony Colors Pro 2 - v2.4.5/Toony Colors Pro/Textures/TCP2_Ramp_UnityGradient.png using Guid(ccad9b0732473ee4e95de81e50e9050f) Importer(815301076,1909f56bfc062723c751e8b465ee728b)  -> (artifact id: '87dcb739b09f5b8ad62d1ba67db1c716') in 0.009373 seconds 
  Import took 0.011876 seconds .

========================================================================
Received Import Request.
  Time since last request: 0.000166 seconds.
  path: Assets/3rd Party/Toony Colors Pro 2 - v2.4.5/Toony Colors Pro/Textures/TCP2_Ramp_OldSchool_2.png
  artifactKey: Guid(398e2aa5b6132c1428aea67ce16f2047) Importer(815301076,1909f56bfc062723c751e8b465ee728b)
Start importing Assets/3rd Party/Toony Colors Pro 2 - v2.4.5/Toony Colors Pro/Textures/TCP2_Ramp_OldSchool_2.png using Guid(398e2aa5b6132c1428aea67ce16f2047) Importer(815301076,1909f56bfc062723c751e8b465ee728b)  -> (artifact id: '0297dfddb9eb0736205c8bc00f82b69c') in 0.008779 seconds 
  Import took 0.011407 seconds .

========================================================================
Received Import Request.
  Time since last request: 0.000157 seconds.
  path: Assets/3rd Party/Toony Colors Pro 2 - v2.4.5/Toony Colors Pro/Textures/TCP2_SketchA_Cross.png
  artifactKey: Guid(b1b62855ddf91f140a6b405c3037c38d) Importer(815301076,1909f56bfc062723c751e8b465ee728b)
Start importing Assets/3rd Party/Toony Colors Pro 2 - v2.4.5/Toony Colors Pro/Textures/TCP2_SketchA_Cross.png using Guid(b1b62855ddf91f140a6b405c3037c38d) Importer(815301076,1909f56bfc062723c751e8b465ee728b)  -> (artifact id: '0a0873a7dd9c0b51736c9c96900862ad') in 0.009661 seconds 
  Import took 0.012035 seconds .

========================================================================
Received Import Request.
  Time since last request: 0.000159 seconds.
  path: Assets/3rd Party/Toony Colors Pro 2 - v2.4.5/Toony Colors Pro/Textures/TCP2_Ramp_4Levels.png
  artifactKey: Guid(7fe85df733e76164b912c7ade9e31f71) Importer(815301076,1909f56bfc062723c751e8b465ee728b)
Start importing Assets/3rd Party/Toony Colors Pro 2 - v2.4.5/Toony Colors Pro/Textures/TCP2_Ramp_4Levels.png using Guid(7fe85df733e76164b912c7ade9e31f71) Importer(815301076,1909f56bfc062723c751e8b465ee728b)  -> (artifact id: 'b26d80dd575c31033c9f2ce6141a8fbe') in 0.008565 seconds 
  Import took 0.011125 seconds .

========================================================================
Received Import Request.
  Time since last request: 0.000185 seconds.
  path: Assets/3rd Party/Toony Colors Pro 2 - v2.4.5/Toony Colors Pro/Textures/TCP2_SketchA_Diag.png
  artifactKey: Guid(e2b38417f28f3714bbef266604e1611e) Importer(815301076,1909f56bfc062723c751e8b465ee728b)
Start importing Assets/3rd Party/Toony Colors Pro 2 - v2.4.5/Toony Colors Pro/Textures/TCP2_SketchA_Diag.png using Guid(e2b38417f28f3714bbef266604e1611e) Importer(815301076,1909f56bfc062723c751e8b465ee728b)  -> (artifact id: '3d91749d5555498967d2ec58633768fc') in 0.010117 seconds 
  Import took 0.012661 seconds .

========================================================================
Received Import Request.
  Time since last request: 0.000176 seconds.
  path: Assets/3rd Party/Toony Colors Pro 2 - v2.4.5/Toony Colors Pro/Textures/TCP2_Ramp_3Levels_2.png
  artifactKey: Guid(a95564a2f97bced47aea5f5edc17daae) Importer(815301076,1909f56bfc062723c751e8b465ee728b)
Start importing Assets/3rd Party/Toony Colors Pro 2 - v2.4.5/Toony Colors Pro/Textures/TCP2_Ramp_3Levels_2.png using Guid(a95564a2f97bced47aea5f5edc17daae) Importer(815301076,1909f56bfc062723c751e8b465ee728b)  -> (artifact id: '4a67d0b752c4c0c64065b195f52900e3') in 0.008899 seconds 
  Import took 0.011429 seconds .

========================================================================
Received Prepare
Registering precompiled user dll's ...
Registered in 0.003587 seconds.
Begin MonoManager ReloadAssembly
Native extension for WindowsStandalone target not found
Refreshing native plugins compatible for Editor in 0.47 ms, found 2 plugins.
Preloading 0 native plugins for Editor in 0.00 ms.
Mono: successfully reloaded assembly
- Completed reload, in  0.836 seconds
Domain Reload Profiling:
	ReloadAssembly (836ms)
		BeginReloadAssembly (91ms)
			ExecutionOrderSort (0ms)
			DisableScriptedObjects (4ms)
			BackupInstance (0ms)
			ReleaseScriptingObjects (0ms)
			CreateAndSetChildDomain (26ms)
		EndReloadAssembly (688ms)
			LoadAssemblies (71ms)
			RebuildTransferFunctionScriptingTraits (0ms)
			SetupTypeCache (243ms)
			ReleaseScriptCaches (1ms)
			RebuildScriptCaches (33ms)
			SetupLoadedEditorAssemblies (248ms)
				LogAssemblyErrors (0ms)
				InitializePlatformSupportModulesInManaged (4ms)
				SetLoadedEditorAssemblies (0ms)
				RefreshPlugins (1ms)
				BeforeProcessingInitializeOnLoad (69ms)
				ProcessInitializeOnLoadAttributes (161ms)
				ProcessInitializeOnLoadMethodAttributes (8ms)
				AfterProcessingInitializeOnLoad (5ms)
				EditorAssembliesLoaded (0ms)
			ExecutionOrderSort2 (0ms)
			AwakeInstancesAfterBackupRestoration (6ms)
Platform modules already initialized, skipping
Switching build target platform(19) subTarget(0) extendedPlatform(0) -> platform(13) subTarget(537395200) extendedPlatform(0)
Refreshing native plugins compatible for Editor in 0.46 ms, found 2 plugins.
Preloading 0 native plugins for Editor in 0.00 ms.
Unloading 1611 Unused Serialized files (Serialized files now loaded: 0)
System memory in use before: 92.1 MB.
System memory in use after: 92.2 MB.

Unloading 19 unused Assets to reduce memory usage. Loaded Objects now: 2114.
Total: 2.734900 ms (FindLiveObjects: 0.132000 ms CreateObjectMapping: 0.039400 ms MarkObjects: 2.544400 ms  DeleteObjects: 0.018100 ms)

AssetImportParameters requested are different than current active one (requested -> active):
  custom:framework-win-MediaFoundation: 216162199b28c13a410421893ffa2e32 -> 
  custom:video-decoder-ogg-theora: a1e56fd34408186e4bbccfd4996cb3dc -> 
  custom:container-muxer-webm: aa71ff27fc2769a1b78a27578f13a17b -> 
  custom:container-demuxer-webm: 4f35f7cbe854078d1ac9338744f61a02 -> 
  custom:container-demuxer-ogg: 62fdf1f143b41e24485cea50d1cbac27 -> 
  custom:video-encoder-webm-vp8: eb34c28f22e8b96e1ab97ce403110664 -> 
  custom:video-decoder-webm-vp8: 9c59270c3fd7afecdb556c50c9e8de78 -> 
  custom:graphics/normal-map-encoding: 01000000000000000000000000000000 -> 02000000000000000000000000000000
  custom:audio-decoder-ogg-vorbis: bf7c407c2cedff20999df2af8eb42d56 -> 
  custom:audio-encoder-webm-vorbis: bf7c407c2cedff20999df2af8eb42d56 -> 
========================================================================
Received Import Request.
  Time since last request: 20.209242 seconds.
  path: Assets/3rd Party/###GUI Mobile Hyper-Casual/GUI Mobile Hyper-Casual
  artifactKey: Guid(9c091f8a3e666814f989cea2a7d53002) Importer(815301076,1909f56bfc062723c751e8b465ee728b)
Start importing Assets/3rd Party/###GUI Mobile Hyper-Casual/GUI Mobile Hyper-Casual using Guid(9c091f8a3e666814f989cea2a7d53002) Importer(815301076,1909f56bfc062723c751e8b465ee728b)  -> (artifact id: '7a2f62da336a1ab0f0e0272e250a4a1d') in 0.008396 seconds 
  Import took 0.010999 seconds .

========================================================================
Received Import Request.
  Time since last request: 3.113494 seconds.
  path: Assets/3rd Party/###GUI Mobile Hyper-Casual/GUI Mobile Hyper-Casual/Scenes
  artifactKey: Guid(3e4672a57ce755a44805bc58b4ddea29) Importer(815301076,1909f56bfc062723c751e8b465ee728b)
Start importing Assets/3rd Party/###GUI Mobile Hyper-Casual/GUI Mobile Hyper-Casual/Scenes using Guid(3e4672a57ce755a44805bc58b4ddea29) Importer(815301076,1909f56bfc062723c751e8b465ee728b)  -> (artifact id: '08fe39e8d58e0856559ea28cabb6a28b') in 0.006550 seconds 
  Import took 0.009262 seconds .

========================================================================
Received Prepare
Registering precompiled user dll's ...
Registered in 0.004302 seconds.
Begin MonoManager ReloadAssembly
Native extension for WindowsStandalone target not found
Refreshing native plugins compatible for Editor in 0.45 ms, found 2 plugins.
Preloading 0 native plugins for Editor in 0.00 ms.
Mono: successfully reloaded assembly
- Completed reload, in  0.834 seconds
Domain Reload Profiling:
	ReloadAssembly (834ms)
		BeginReloadAssembly (100ms)
			ExecutionOrderSort (0ms)
			DisableScriptedObjects (4ms)
			BackupInstance (0ms)
			ReleaseScriptingObjects (0ms)
			CreateAndSetChildDomain (26ms)
		EndReloadAssembly (679ms)
			LoadAssemblies (70ms)
			RebuildTransferFunctionScriptingTraits (0ms)
			SetupTypeCache (239ms)
			ReleaseScriptCaches (1ms)
			RebuildScriptCaches (33ms)
			SetupLoadedEditorAssemblies (242ms)
				LogAssemblyErrors (0ms)
				InitializePlatformSupportModulesInManaged (3ms)
				SetLoadedEditorAssemblies (0ms)
				RefreshPlugins (0ms)
				BeforeProcessingInitializeOnLoad (65ms)
				ProcessInitializeOnLoadAttributes (160ms)
				ProcessInitializeOnLoadMethodAttributes (7ms)
				AfterProcessingInitializeOnLoad (5ms)
				EditorAssembliesLoaded (0ms)
			ExecutionOrderSort2 (0ms)
			AwakeInstancesAfterBackupRestoration (5ms)
Platform modules already initialized, skipping
Switching build target platform(19) subTarget(0) extendedPlatform(0) -> platform(13) subTarget(537395200) extendedPlatform(0)
Refreshing native plugins compatible for Editor in 0.43 ms, found 2 plugins.
Preloading 0 native plugins for Editor in 0.00 ms.
Unloading 1611 Unused Serialized files (Serialized files now loaded: 0)
System memory in use before: 92.1 MB.
System memory in use after: 92.2 MB.

Unloading 14 unused Assets to reduce memory usage. Loaded Objects now: 2116.
Total: 2.487600 ms (FindLiveObjects: 0.125300 ms CreateObjectMapping: 0.038900 ms MarkObjects: 2.311500 ms  DeleteObjects: 0.010700 ms)

AssetImportParameters requested are different than current active one (requested -> active):
  custom:framework-win-MediaFoundation: 216162199b28c13a410421893ffa2e32 -> 
  custom:video-decoder-ogg-theora: a1e56fd34408186e4bbccfd4996cb3dc -> 
  custom:container-muxer-webm: aa71ff27fc2769a1b78a27578f13a17b -> 
  custom:container-demuxer-webm: 4f35f7cbe854078d1ac9338744f61a02 -> 
  custom:container-demuxer-ogg: 62fdf1f143b41e24485cea50d1cbac27 -> 
  custom:video-encoder-webm-vp8: eb34c28f22e8b96e1ab97ce403110664 -> 
  custom:video-decoder-webm-vp8: 9c59270c3fd7afecdb556c50c9e8de78 -> 
  custom:graphics/normal-map-encoding: 01000000000000000000000000000000 -> 02000000000000000000000000000000
  custom:audio-decoder-ogg-vorbis: bf7c407c2cedff20999df2af8eb42d56 -> 
  custom:audio-encoder-webm-vorbis: bf7c407c2cedff20999df2af8eb42d56 -> 
========================================================================
Received Import Request.
  Time since last request: 7.476097 seconds.
  path: Assets/3rd Party/###GUI Mobile Hyper-Casual/GUI Mobile Hyper-Casual/Artwork PSD + Screens/PSD
  artifactKey: Guid(a5f890e048bb723489aed35853ecef4a) Importer(815301076,1909f56bfc062723c751e8b465ee728b)
Start importing Assets/3rd Party/###GUI Mobile Hyper-Casual/GUI Mobile Hyper-Casual/Artwork PSD + Screens/PSD using Guid(a5f890e048bb723489aed35853ecef4a) Importer(815301076,1909f56bfc062723c751e8b465ee728b)  -> (artifact id: '6e35812e483e2cbe557f5a1eb0560404') in 0.009404 seconds 
  Import took 0.012060 seconds .

========================================================================
Received Import Request.
  Time since last request: 18.375717 seconds.
  path: Assets/3rd Party/###GUI Mobile Hyper-Casual/GUI Mobile Hyper-Casual/Sprites/Emojis PNG/PNG
  artifactKey: Guid(936626791a2d77c4ba74d3210b16f129) Importer(815301076,1909f56bfc062723c751e8b465ee728b)
Start importing Assets/3rd Party/###GUI Mobile Hyper-Casual/GUI Mobile Hyper-Casual/Sprites/Emojis PNG/PNG using Guid(936626791a2d77c4ba74d3210b16f129) Importer(815301076,1909f56bfc062723c751e8b465ee728b)  -> (artifact id: 'a751c20eb0113fe40a722dbb61879649') in 0.005925 seconds 
  Import took 0.008494 seconds .

========================================================================
Received Import Request.
  Time since last request: 0.688842 seconds.
  path: Assets/3rd Party/###GUI Mobile Hyper-Casual/GUI Mobile Hyper-Casual/Sprites/Emojis PNG/PNG/Set Emojis-assets
  artifactKey: Guid(4711e9f137a4a454082e9430c70ee237) Importer(815301076,1909f56bfc062723c751e8b465ee728b)
Start importing Assets/3rd Party/###GUI Mobile Hyper-Casual/GUI Mobile Hyper-Casual/Sprites/Emojis PNG/PNG/Set Emojis-assets using Guid(4711e9f137a4a454082e9430c70ee237) Importer(815301076,1909f56bfc062723c751e8b465ee728b)  -> (artifact id: '3e41879db52e4c51ac231c3d4e060d3c') in 0.006676 seconds 
  Import took 0.009178 seconds .

========================================================================
Received Import Request.
  Time since last request: 58.774755 seconds.
  path: Assets/3rd Party/SimpleFX Cartoon Particles - v1.1/SimpleFX
  artifactKey: Guid(2ecbc3c39027c024d85264d217a70ef4) Importer(815301076,1909f56bfc062723c751e8b465ee728b)
Start importing Assets/3rd Party/SimpleFX Cartoon Particles - v1.1/SimpleFX using Guid(2ecbc3c39027c024d85264d217a70ef4) Importer(815301076,1909f56bfc062723c751e8b465ee728b)  -> (artifact id: 'dbdfa667a4b56436725c3ed11d904f4b') in 0.015634 seconds 
  Import took 0.018221 seconds .

========================================================================
Received Prepare
Registering precompiled user dll's ...
Registered in 0.003690 seconds.
Begin MonoManager ReloadAssembly
Native extension for WindowsStandalone target not found
Refreshing native plugins compatible for Editor in 0.60 ms, found 2 plugins.
Preloading 0 native plugins for Editor in 0.00 ms.
Mono: successfully reloaded assembly
- Completed reload, in  0.965 seconds
Domain Reload Profiling:
	ReloadAssembly (965ms)
		BeginReloadAssembly (107ms)
			ExecutionOrderSort (0ms)
			DisableScriptedObjects (4ms)
			BackupInstance (0ms)
			ReleaseScriptingObjects (0ms)
			CreateAndSetChildDomain (28ms)
		EndReloadAssembly (790ms)
			LoadAssemblies (77ms)
			RebuildTransferFunctionScriptingTraits (0ms)
			SetupTypeCache (279ms)
			ReleaseScriptCaches (1ms)
			RebuildScriptCaches (53ms)
			SetupLoadedEditorAssemblies (267ms)
				LogAssemblyErrors (0ms)
				InitializePlatformSupportModulesInManaged (4ms)
				SetLoadedEditorAssemblies (1ms)
				RefreshPlugins (1ms)
				BeforeProcessingInitializeOnLoad (75ms)
				ProcessInitializeOnLoadAttributes (174ms)
				ProcessInitializeOnLoadMethodAttributes (7ms)
				AfterProcessingInitializeOnLoad (5ms)
				EditorAssembliesLoaded (0ms)
			ExecutionOrderSort2 (0ms)
			AwakeInstancesAfterBackupRestoration (5ms)
Platform modules already initialized, skipping
Switching build target platform(19) subTarget(0) extendedPlatform(0) -> platform(13) subTarget(537395200) extendedPlatform(0)
Refreshing native plugins compatible for Editor in 0.67 ms, found 2 plugins.
Preloading 0 native plugins for Editor in 0.00 ms.
Unloading 1611 Unused Serialized files (Serialized files now loaded: 0)
System memory in use before: 92.1 MB.
System memory in use after: 92.2 MB.

Unloading 14 unused Assets to reduce memory usage. Loaded Objects now: 2118.
Total: 3.086400 ms (FindLiveObjects: 0.173100 ms CreateObjectMapping: 0.037100 ms MarkObjects: 2.853700 ms  DeleteObjects: 0.020700 ms)

AssetImportParameters requested are different than current active one (requested -> active):
  custom:framework-win-MediaFoundation: 216162199b28c13a410421893ffa2e32 -> 
  custom:video-decoder-ogg-theora: a1e56fd34408186e4bbccfd4996cb3dc -> 
  custom:container-muxer-webm: aa71ff27fc2769a1b78a27578f13a17b -> 
  custom:container-demuxer-webm: 4f35f7cbe854078d1ac9338744f61a02 -> 
  custom:container-demuxer-ogg: 62fdf1f143b41e24485cea50d1cbac27 -> 
  custom:video-encoder-webm-vp8: eb34c28f22e8b96e1ab97ce403110664 -> 
  custom:video-decoder-webm-vp8: 9c59270c3fd7afecdb556c50c9e8de78 -> 
  custom:graphics/normal-map-encoding: 01000000000000000000000000000000 -> 02000000000000000000000000000000
  custom:audio-decoder-ogg-vorbis: bf7c407c2cedff20999df2af8eb42d56 -> 
  custom:audio-encoder-webm-vorbis: bf7c407c2cedff20999df2af8eb42d56 -> 
AssetImportWorkerClient::OnTransportError - code=2 error=End of file
